#
# There is insufficient memory for the Java Runtime Environment to continue.
# Native memory allocation (mmap) failed to map 268435456 bytes for Failed to commit area from 0x0000000701200000 to 0x0000000711200000 of length 268435456.
# Possible reasons:
#   The system is out of physical RAM or swap space
#   The process is running with CompressedOops enabled, and the Java Heap may be blocking the growth of the native heap
# Possible solutions:
#   Reduce memory load on the system
#   Increase physical memory or swap space
#   Check if swap backing store is full
#   Decrease Java heap size (-Xmx/-Xms)
#   Decrease number of Java threads
#   Decrease Java thread stack sizes (-Xss)
#   Set larger code cache with -XX:ReservedCodeCacheSize=
# This output file may be truncated or incomplete.
#
#  Out of Memory Error (t:/workspace/open/src/hotspot/os/windows/os_windows.cpp:3301), pid=13772, tid=11412
#
# JRE version:  (13.0.2+8) (build )
# Java VM: Java HotSpot(TM) 64-Bit Server VM (13.0.2+8, mixed mode, aot, sharing, tiered, compressed oops, g1 gc, windows-amd64)
# No core dump will be written. Minidumps are not enabled by default on client versions of Windows
#

---------------  S U M M A R Y ------------

Command Line: -Dfile.encoding=windows-1252 -Duser.country=US -Duser.language=en -Duser.variant rs.edu.raf.storage.GoogleDriveAPI

Host: Intel(R) Core(TM) i7-10700K CPU @ 3.80GHz, 16 cores, 15G,  Windows 10 , 64 bit Build 19041 (10.0.19041.1202)
Time: Thu Oct 28 06:31:26 2021 Central Europe Daylight Time elapsed time: 0 seconds (0d 0h 0m 0s)

---------------  T H R E A D  ---------------

Current thread (0x00000148fdabd800):  JavaThread "Unknown thread" [_thread_in_vm, id=11412, stack(0x00000041f1c00000,0x00000041f1d00000)]

Stack: [0x00000041f1c00000,0x00000041f1d00000]
Native frames: (J=compiled Java code, j=interpreted, Vv=VM code, C=native code)
V  [jvm.dll+0x624f9a]
V  [jvm.dll+0x770cfa]
V  [jvm.dll+0x7724af]
V  [jvm.dll+0x772ab3]
V  [jvm.dll+0x24bf08]
V  [jvm.dll+0x6222aa]
V  [jvm.dll+0x6170b5]
V  [jvm.dll+0x30a88c]
V  [jvm.dll+0x30a6c2]
V  [jvm.dll+0x30fe36]
V  [jvm.dll+0x353f46]
V  [jvm.dll+0x353720]
V  [jvm.dll+0x2e550a]
V  [jvm.dll+0x2e67a2]
V  [jvm.dll+0x74dd78]
V  [jvm.dll+0x361989]
V  [jvm.dll+0x730e65]
V  [jvm.dll+0x3cc53f]
V  [jvm.dll+0x3ce861]
C  [jli.dll+0x51ff]
C  [ucrtbase.dll+0x21bb2]
C  [KERNEL32.DLL+0x17034]
C  [ntdll.dll+0x52651]


---------------  P R O C E S S  ---------------

Threads class SMR info:
_java_thread_list=0x00007ffb2ee7ccb8, length=0, elements={
}

Java Threads: ( => current thread )

Other Threads:
  0x00000148fdb2b800 GCTaskThread "GC Thread#0" [stack: 0x00000041f1d00000,0x00000041f1e00000] [id=16844]
  0x00000148fdb4d000 ConcurrentGCThread "G1 Main Marker" [stack: 0x00000041f1e00000,0x00000041f1f00000] [id=6324]
  0x00000148fdb4e800 ConcurrentGCThread "G1 Conc#0" [stack: 0x00000041f1f00000,0x00000041f2000000] [id=4012]

[error occurred during error reporting (printing all threads), id 0xc0000005, EXCEPTION_ACCESS_VIOLATION (0xc0000005) at pc=0x00007ffb2e6b51d7]

VM state:not at safepoint (not fully initialized)

VM Mutex/Monitor currently owned by a thread:  ([mutex/lock_event])
[0x00000148fdab9d80] Heap_lock - owner thread: 0x00000148fdabd800

Heap address: 0x0000000701200000, size: 4078 MB, Compressed Oops mode: Non-zero based: 0x0000000701200000
Narrow klass base: 0x0000000000000000, Narrow klass shift: 0

GC Heap History (0 events):
No events

Deoptimization events (0 events):
No events

Classes unloaded (0 events):
No events

Classes redefined (0 events):
No events

Internal exceptions (0 events):
No events

Events (8 events):
Event: 0.009 Loaded shared library C:\Program Files\Java\jdk-13.0.2\bin\zip.dll
Event: 0.010 Loaded shared library C:\Program Files\Java\jdk-13.0.2\bin\jimage.dll
Event: 0.012 Loading shared library C:\Program Files\Java\jdk-13.0.2\lib\libjava.base-coop.dll failed, error code 126
Event: 0.012 Loading shared library C:\Program Files\Java\jdk-13.0.2\lib\libjava.logging-coop.dll failed, error code 126
Event: 0.012 Loading shared library C:\Program Files\Java\jdk-13.0.2\lib\libjdk.compiler-coop.dll failed, error code 126
Event: 0.012 Loading shared library C:\Program Files\Java\jdk-13.0.2\lib\libjdk.scripting.nashorn-coop.dll failed, error code 126
Event: 0.012 Loading shared library C:\Program Files\Java\jdk-13.0.2\lib\libjdk.internal.vm.ci-coop.dll failed, error code 126
Event: 0.012 Loading shared library C:\Program Files\Java\jdk-13.0.2\lib\libjdk.internal.vm.compiler-coop.dll failed, error code 126


Dynamic libraries:
0x00007ff7211c0000 - 0x00007ff7211cf000 	C:\Program Files\Java\jdk-13.0.2\bin\java.exe
0x00007ffb84f10000 - 0x00007ffb85105000 	C:\Windows\SYSTEM32\ntdll.dll
0x00007ffb83a70000 - 0x00007ffb83b2e000 	C:\Windows\System32\KERNEL32.DLL
0x00007ffb82840000 - 0x00007ffb82b09000 	C:\Windows\System32\KERNELBASE.dll
0x00007ffb82bd0000 - 0x00007ffb82cd0000 	C:\Windows\System32\ucrtbase.dll
0x00007ffb733e0000 - 0x00007ffb733f5000 	C:\Program Files\Java\jdk-13.0.2\bin\VCRUNTIME140.dll
0x00007ffb71160000 - 0x00007ffb71178000 	C:\Program Files\Java\jdk-13.0.2\bin\jli.dll
0x00007ffb83740000 - 0x00007ffb837ec000 	C:\Windows\System32\ADVAPI32.dll
0x00007ffb839d0000 - 0x00007ffb83a6e000 	C:\Windows\System32\msvcrt.dll
0x00007ffb83cc0000 - 0x00007ffb83d5b000 	C:\Windows\System32\sechost.dll
0x00007ffb83870000 - 0x00007ffb8399a000 	C:\Windows\System32\RPCRT4.dll
0x00007ffb82f60000 - 0x00007ffb83101000 	C:\Windows\System32\USER32.dll
0x00007ffb82b10000 - 0x00007ffb82b32000 	C:\Windows\System32\win32u.dll
0x00007ffb840c0000 - 0x00007ffb840eb000 	C:\Windows\System32\GDI32.dll
0x00007ffb82db0000 - 0x00007ffb82ebb000 	C:\Windows\System32\gdi32full.dll
0x00007ffb82ec0000 - 0x00007ffb82f5d000 	C:\Windows\System32\msvcp_win.dll
0x00007ffb70a10000 - 0x00007ffb70caa000 	C:\Windows\WinSxS\amd64_microsoft.windows.common-controls_6595b64144ccf1df_6.0.19041.1110_none_60b5254171f9507e\COMCTL32.dll
0x00007ffb7a930000 - 0x00007ffb7a93a000 	C:\Windows\SYSTEM32\VERSION.dll
0x00007ffb839a0000 - 0x00007ffb839d0000 	C:\Windows\System32\IMM32.DLL
0x00007ffb54ac0000 - 0x00007ffb54b5b000 	C:\Program Files\Java\jdk-13.0.2\bin\msvcp140.dll
0x00007ffb2e3c0000 - 0x00007ffb2ef1d000 	C:\Program Files\Java\jdk-13.0.2\bin\server\jvm.dll
0x00007ffb84440000 - 0x00007ffb84448000 	C:\Windows\System32\PSAPI.DLL
0x00007ffb7e2d0000 - 0x00007ffb7e2d9000 	C:\Windows\SYSTEM32\WSOCK32.dll
0x00007ffb83b40000 - 0x00007ffb83bab000 	C:\Windows\System32\WS2_32.dll
0x00007ffb745b0000 - 0x00007ffb745d7000 	C:\Windows\SYSTEM32\WINMM.dll
0x00007ffb80550000 - 0x00007ffb80562000 	C:\Windows\SYSTEM32\kernel.appcore.dll
0x00007ffb7b4b0000 - 0x00007ffb7b4c0000 	C:\Program Files\Java\jdk-13.0.2\bin\verify.dll
0x00007ffb726a0000 - 0x00007ffb72884000 	C:\Windows\SYSTEM32\DBGHELP.DLL
0x00007ffb6cef0000 - 0x00007ffb6cf1c000 	C:\Windows\SYSTEM32\dbgcore.DLL
0x00007ffb82b40000 - 0x00007ffb82bc3000 	C:\Windows\System32\bcryptPrimitives.dll
0x00007ffb6fb10000 - 0x00007ffb6fb36000 	C:\Program Files\Java\jdk-13.0.2\bin\java.dll
0x00007ffb6fdf0000 - 0x00007ffb6fe07000 	C:\Program Files\Java\jdk-13.0.2\bin\zip.dll
0x00007ffb7b2e0000 - 0x00007ffb7b2ea000 	C:\Program Files\Java\jdk-13.0.2\bin\jimage.dll

dbghelp: loaded successfully - version: 4.0.5 - missing functions: none
symbol engine: initialized successfully - sym options: 0x614 - pdb path: .;C:\Program Files\Java\jdk-13.0.2\bin;C:\Windows\SYSTEM32;C:\Windows\WinSxS\amd64_microsoft.windows.common-controls_6595b64144ccf1df_6.0.19041.1110_none_60b5254171f9507e;C:\Program Files\Java\jdk-13.0.2\bin\server

VM Arguments:
jvm_args: -Dfile.encoding=windows-1252 -Duser.country=US -Duser.language=en -Duser.variant 
java_command: rs.edu.raf.storage.GoogleDriveAPI
java_class_path (initial): C:\Users\relja\IdeaProjects\file_storage_specification\build\classes\java\main;C:\Users\relja\IdeaProjects\file_storage_specification\build\resources\main;C:\Users\relja\.gradle\caches\modules-2\files-2.1\com.google.apis\google-api-services-drive\v3-rev110-1.23.0\30374efdbceaace0aeebeaaf2e3c04b82f4af9f1\google-api-services-drive-v3-rev110-1.23.0.jar;C:\Users\relja\.gradle\caches\modules-2\files-2.1\com.google.api-client\google-api-client\1.23.0\522ea860eb48dee71dfe2c61a1fd09663539f556\google-api-client-1.23.0.jar;C:\Users\relja\.gradle\caches\modules-2\files-2.1\com.google.oauth-client\google-oauth-client-jetty\1.23.0\e0deaf34371e9ca09f9a04bcbaa854243283cae4\google-oauth-client-jetty-1.23.0.jar;C:\Users\relja\.gradle\caches\modules-2\files-2.1\com.fasterxml.jackson.core\jackson-annotations\2.13.0\15be89db6609bd6fda3dc309bacf0318a312c03f\jackson-annotations-2.13.0.jar;C:\Users\relja\.gradle\caches\modules-2\files-2.1\com.google.http-client\google-http-client-jackson2\1.23.0\fd6761f4046a8cb0455e6fa5f58e12b061e9826e\google-http-client-jackson2-1.23.0.jar;C:\Users\relja\.gradle\caches\modules-2\files-2.1\com.fasterxml.jackson.core\jackson-core\2.13.0\e957ec5442966e69cef543927bdc80e5426968bb\jackson-core-2.13.0.jar;C:\Users\relja\.gradle\caches\modules-2\files-2.1\com.fasterxml.jackson.core\jackson-databind\2.13.0\889672a1721d6d85b2834fcd29d3fda92c8c8891\jackson-databind-2.13.0.jar;C:\Users\relja\.gradle\caches\modules-2\files-2.1\com.google.oauth-client\google-oauth-client-java6\1.23.0\7acbddf56c4ad04efc9d3b48fe015e6250241bf0\google-oauth-client-java6-1.23.0.jar;C:\Users\relja\.gradle\caches\modules-2\files-2.1\com.google.oauth-client\google-oauth-client\1.23.0\e57ea1e2220bda5a2bd24ff17860212861f3c5cf\google-oauth-client-1.23.0.jar;C:\Users\relja\.gradle\caches\modules-2\files-2.1\com.google.guava\guava-jdk5\17.0\463f8378feba44df7ba7cd9272d01837dad62b36\guava-jdk5-17.0.jar;C:\Users\relja\.gradle\caches\modules-2\files-2.1\org.mortbay.jetty\j
Launcher Type: SUN_STANDARD

[Global flags]
     intx CICompilerCount                          = 12                                        {product} {ergonomic}
     uint ConcGCThreads                            = 3                                         {product} {ergonomic}
     uint G1ConcRefinementThreads                  = 13                                        {product} {ergonomic}
   size_t G1HeapRegionSize                         = 1048576                                   {product} {ergonomic}
    uintx GCDrainStackTargetSize                   = 64                                        {product} {ergonomic}
   size_t InitialHeapSize                          = 268435456                                 {product} {ergonomic}
   size_t MarkStackSize                            = 4194304                                   {product} {ergonomic}
   size_t MaxHeapSize                              = 4276092928                                {product} {ergonomic}
   size_t MinHeapDeltaBytes                        = 1048576                                   {product} {ergonomic}
   size_t MinHeapSize                              = 8388608                                   {product} {ergonomic}
    uintx NonNMethodCodeHeapSize                   = 7602480                                {pd product} {ergonomic}
    uintx NonProfiledCodeHeapSize                  = 122027880                              {pd product} {ergonomic}
    uintx ProfiledCodeHeapSize                     = 122027880                              {pd product} {ergonomic}
    uintx ReservedCodeCacheSize                    = 251658240                              {pd product} {ergonomic}
     bool SegmentedCodeCache                       = true                                      {product} {ergonomic}
   size_t SoftMaxHeapSize                          = 4276092928                             {manageable} {ergonomic}
     bool UseCompressedClassPointers               = true                                 {lp64_product} {ergonomic}
     bool UseCompressedOops                        = true                                 {lp64_product} {ergonomic}
     bool UseG1GC                                  = true                                      {product} {ergonomic}
     bool UseLargePagesIndividualAllocation        = false                                  {pd product} {ergonomic}

Logging:
Log output configuration:
 #0: stdout all=warning uptime,level,tags
 #1: stderr all=off uptime,level,tags

Environment Variables:
JAVA_HOME=C:\\Program Files\\Java\\jdk-13.0.2
PATH=C:\Program Files (x86)\Common Files\Oracle\Java\javapath;C:\ProgramData\Oracle\Java\javapath;C:\Windows\system32;C:\Windows;C:\Windows\System32\Wbem;C:\Windows\System32\WindowsPowerShell\v1.0\;C:\Windows\System32\OpenSSH\;C:\Program Files (x86)\NVIDIA Corporation\PhysX\Common;C:\Program Files\NVIDIA Corporation\NVIDIA NvDLISR;C:\Program Files\Git\cmd;C:\Users\relja\AppData\Local\Microsoft\WindowsApps;
USERNAME=relja
OS=Windows_NT
PROCESSOR_IDENTIFIER=Intel64 Family 6 Model 165 Stepping 5, GenuineIntel



---------------  S Y S T E M  ---------------

OS: Windows 10 , 64 bit Build 19041 (10.0.19041.1202)

CPU:total 16 (initial active 16) (8 cores per cpu, 2 threads per core) family 6 model 165 stepping 5, cmov, cx8, fxsr, mmx, sse, sse2, sse3, ssse3, sse4.1, sse4.2, popcnt, avx, avx2, aes, clmul, erms, 3dnowpref, lzcnt, ht, tsc, tscinvbit, bmi1, bmi2, adx, fma

Memory: 4k page, system-wide physical 16305M (3768M free)
TotalPageFile size 65440M (AvailPageFile size 183M)
current process WorkingSet (physical memory assigned to process): 10M, peak: 10M
current process commit charge ("private bytes"): 71M, peak: 327M

vm_info: Java HotSpot(TM) 64-Bit Server VM (13.0.2+8) for windows-amd64 JRE (13.0.2+8), built on Dec 11 2019 09:20:33 by "mach5one" with unknown MS VC++:1916

END.
